2025/10/21 15:45:38.010581 server.go:329: Servidor RPC iniciando na porta 8932 ...
2025/10/21 15:45:38.010765 server.go:332: IP principal (rota padrão): 192.168.0.89:8932
2025/10/21 15:45:38.010946 server.go:335: IP local disponível: 192.168.0.89:8932
2025/10/21 15:45:46.464640 server.go:354: [CLIENT 1] conectado de 192.168.0.89:56424
2025/10/21 15:45:49.812309 server.go:152: [RPC] CreateUser called: username=callidem
2025/10/21 15:45:49.812388 server.go:173: [RPC] CreateUser ok: username=callidem id=1
2025/10/21 15:45:49.813016 server.go:180: [RPC] GetUser called: Username=callidem
2025/10/21 15:45:49.813074 server.go:193: [RPC] GetUser ok: id=1 Username=callidem 
2025/10/21 15:45:49.813369 server.go:200: [RPC] ListUsers called
2025/10/21 15:45:49.813410 server.go:211: [RPC] ListUsers ok: count=1
2025/10/21 15:45:50.814334 server.go:122: [RPC] GetNewMessages called: user=callidem
2025/10/21 15:45:50.814408 server.go:135: [RPC] GetNewMessages ok: 0 msgs
2025/10/21 15:45:51.814202 server.go:122: [RPC] GetNewMessages called: user=callidem
2025/10/21 15:45:51.814329 server.go:135: [RPC] GetNewMessages ok: 0 msgs
2025/10/21 15:45:52.814953 server.go:122: [RPC] GetNewMessages called: user=callidem
2025/10/21 15:45:52.815027 server.go:135: [RPC] GetNewMessages ok: 0 msgs
2025/10/21 15:45:53.814529 server.go:122: [RPC] GetNewMessages called: user=callidem
2025/10/21 15:45:53.814613 server.go:135: [RPC] GetNewMessages ok: 0 msgs
2025/10/21 15:45:54.814192 server.go:122: [RPC] GetNewMessages called: user=callidem
2025/10/21 15:45:54.814306 server.go:135: [RPC] GetNewMessages ok: 0 msgs
2025/10/21 15:45:55.814800 server.go:122: [RPC] GetNewMessages called: user=callidem
2025/10/21 15:45:55.814869 server.go:135: [RPC] GetNewMessages ok: 0 msgs
2025/10/21 15:45:56.814249 server.go:122: [RPC] GetNewMessages called: user=callidem
2025/10/21 15:45:56.814317 server.go:135: [RPC] GetNewMessages ok: 0 msgs
2025/10/21 15:45:57.814732 server.go:122: [RPC] GetNewMessages called: user=callidem
2025/10/21 15:45:57.814804 server.go:135: [RPC] GetNewMessages ok: 0 msgs
2025/10/21 15:45:58.814276 server.go:122: [RPC] GetNewMessages called: user=callidem
2025/10/21 15:45:58.814365 server.go:135: [RPC] GetNewMessages ok: 0 msgs
2025/10/21 15:45:59.814093 server.go:122: [RPC] GetNewMessages called: user=callidem
2025/10/21 15:45:59.814160 server.go:135: [RPC] GetNewMessages ok: 0 msgs
2025/10/21 15:46:00.814052 server.go:122: [RPC] GetNewMessages called: user=callidem
2025/10/21 15:46:00.814138 server.go:135: [RPC] GetNewMessages ok: 0 msgs
2025/10/21 15:46:01.814523 server.go:122: [RPC] GetNewMessages called: user=callidem
2025/10/21 15:46:01.814624 server.go:135: [RPC] GetNewMessages ok: 0 msgs
2025/10/21 15:46:02.165193 server.go:362: [CLIENT 1] desconectado (192.168.0.89:56424)
2025/10/21 15:46:05.173973 server.go:354: [CLIENT 2] conectado de 192.168.0.89:54742
2025/10/21 15:46:12.325367 server.go:152: [RPC] CreateUser called: username=Rubinho
2025/10/21 15:46:12.325461 server.go:173: [RPC] CreateUser ok: username=Rubinho id=2
2025/10/21 15:46:12.325988 server.go:180: [RPC] GetUser called: Username=Rubinho
2025/10/21 15:46:12.326060 server.go:193: [RPC] GetUser ok: id=2 Username=Rubinho 
2025/10/21 15:46:12.326348 server.go:200: [RPC] ListUsers called
2025/10/21 15:46:12.326425 server.go:211: [RPC] ListUsers ok: count=2
2025/10/21 15:46:13.327173 server.go:122: [RPC] GetNewMessages called: user=Rubinho
2025/10/21 15:46:13.327290 server.go:135: [RPC] GetNewMessages ok: 0 msgs
2025/10/21 15:46:14.327888 server.go:122: [RPC] GetNewMessages called: user=Rubinho
2025/10/21 15:46:14.327977 server.go:135: [RPC] GetNewMessages ok: 0 msgs
2025/10/21 15:46:15.327567 server.go:122: [RPC] GetNewMessages called: user=Rubinho
2025/10/21 15:46:15.327694 server.go:135: [RPC] GetNewMessages ok: 0 msgs
2025/10/21 15:46:16.327158 server.go:122: [RPC] GetNewMessages called: user=Rubinho
2025/10/21 15:46:16.327250 server.go:135: [RPC] GetNewMessages ok: 0 msgs
2025/10/21 15:46:17.327966 server.go:122: [RPC] GetNewMessages called: user=Rubinho
2025/10/21 15:46:17.328062 server.go:135: [RPC] GetNewMessages ok: 0 msgs
2025/10/21 15:46:18.327680 server.go:122: [RPC] GetNewMessages called: user=Rubinho
2025/10/21 15:46:18.327774 server.go:135: [RPC] GetNewMessages ok: 0 msgs
2025/10/21 15:46:19.327465 server.go:122: [RPC] GetNewMessages called: user=Rubinho
2025/10/21 15:46:19.327562 server.go:135: [RPC] GetNewMessages ok: 0 msgs
2025/10/21 15:46:20.327141 server.go:122: [RPC] GetNewMessages called: user=Rubinho
2025/10/21 15:46:20.327230 server.go:135: [RPC] GetNewMessages ok: 0 msgs
2025/10/21 15:46:21.327892 server.go:122: [RPC] GetNewMessages called: user=Rubinho
2025/10/21 15:46:21.327991 server.go:135: [RPC] GetNewMessages ok: 0 msgs
2025/10/21 15:46:22.327646 server.go:122: [RPC] GetNewMessages called: user=Rubinho
2025/10/21 15:46:22.327734 server.go:135: [RPC] GetNewMessages ok: 0 msgs
2025/10/21 15:46:23.327381 server.go:122: [RPC] GetNewMessages called: user=Rubinho
2025/10/21 15:46:23.327472 server.go:135: [RPC] GetNewMessages ok: 0 msgs
2025/10/21 15:46:24.327047 server.go:122: [RPC] GetNewMessages called: user=Rubinho
2025/10/21 15:46:24.327158 server.go:135: [RPC] GetNewMessages ok: 0 msgs
2025/10/21 15:46:25.262171 server.go:362: [CLIENT 2] desconectado (192.168.0.89:54742)
